<?xml version="1.0" encoding="UTF-8"?>
<!-- Generated by org.testng.reporters.JUnitXMLReporter -->
<testsuite ignored="0" hostname="Irenes-MacBook-Air.local" failures="0" tests="4" name="Surefire test" time="2.271" errors="0" timestamp="2025-02-17T00:35:16 WIB">
  <testcase classname="GoRestAPITest" name="testCreateUser" time="0.927"/>
  <testcase classname="GoRestAPITest" name="testGetUser" time="0.412"/>
  <testcase classname="GoRestAPITest" name="testUpdateUser" time="0.337"/>
  <testcase classname="GoRestAPITest" name="testDeleteUser" time="0.364"/>
</testsuite> <!-- Surefire test -->
