<?xml version="1.0" encoding="UTF-8"?>
<testsuite xmlns:xsi="http://www.w3.org/2001/XMLSchema-instance" xsi:noNamespaceSchemaLocation="https://maven.apache.org/surefire/maven-surefire-plugin/xsd/surefire-test-report-3.0.xsd" version="3.0" name="GoRestAPITest" time="2.554" tests="4" errors="0" skipped="0" failures="0">
  <properties>
[...]
</properties>
  <testcase name="testCreateUser" classname="GoRestAPITest" time="0.944">
    <system-out><![CDATA[Response Status Code: 201
Response Body: {"id":7702500,"name":"Irene Testing","email":"user_1739727314390@example.com","gender":"female","status":"active"}
]]></system-out>
  </testcase>
  <testcase name="testGetUser" classname="GoRestAPITest" time="0.414"/>
  <testcase name="testUpdateUser" classname="GoRestAPITest" time="0.339"/>
  <testcase name="testDeleteUser" classname="GoRestAPITest" time="0.366"/>
</testsuite>